<?xml version="1.0" encoding="UTF-8"?>
<!-- Generated by org.testng.reporters.JUnitXMLReporter -->
<testsuite ignored="0" hostname="DESKTOP-0AP57HI" failures="0" tests="4" name="Default test" time="21.295" errors="0" timestamp="2023-01-13T17:33:20 IST">
  <testcase classname="numatic.test1" name="verify_header_text" time="5.808"/>
  <testcase classname="numatic.test1" name="select_QA_option" time="9.577"/>
  <testcase classname="numatic.test1" name="Verify_Title" time="0.053"/>
  <testcase classname="numatic.test1" name="Verify_button" time="0.121"/>
</testsuite> <!-- Default test -->
