<?xml version="1.0" encoding="UTF-8"?>
<testng-results ignored="0" total="4" passed="4" failed="0" skipped="0">
  <reporter-output>
  </reporter-output>
  <suite started-at="2023-01-13T17:32:58 IST" name="Default suite" finished-at="2023-01-13T17:33:20 IST" duration-ms="21295">
    <groups>
    </groups>
    <test started-at="2023-01-13T17:32:58 IST" name="Default test" finished-at="2023-01-13T17:33:20 IST" duration-ms="21295">
      <class name="numatic.test1">
        <test-method is-config="true" signature="openbrowser()[pri:0, instance:numatic.test1@3daa422a]" started-at="2023-01-13T17:32:58 IST" name="openbrowser" finished-at="2023-01-13T17:33:04 IST" duration-ms="5694" status="PASS">
          <reporter-output>
          </reporter-output>
        </test-method> <!-- openbrowser -->
        <test-method signature="verify_header_text()[pri:0, instance:numatic.test1@3daa422a]" started-at="2023-01-13T17:33:04 IST" name="verify_header_text" finished-at="2023-01-13T17:33:10 IST" duration-ms="5808" status="PASS">
          <reporter-output>
          </reporter-output>
        </test-method> <!-- verify_header_text -->
        <test-method signature="select_QA_option()[pri:1, instance:numatic.test1@3daa422a]" started-at="2023-01-13T17:33:10 IST" name="select_QA_option" finished-at="2023-01-13T17:33:19 IST" duration-ms="9577" status="PASS">
          <reporter-output>
          </reporter-output>
        </test-method> <!-- select_QA_option -->
        <test-method signature="Verify_Title()[pri:2, instance:numatic.test1@3daa422a]" started-at="2023-01-13T17:33:19 IST" name="Verify_Title" finished-at="2023-01-13T17:33:19 IST" duration-ms="53" status="PASS">
          <reporter-output>
          </reporter-output>
        </test-method> <!-- Verify_Title -->
        <test-method signature="Verify_button()[pri:3, instance:numatic.test1@3daa422a]" started-at="2023-01-13T17:33:19 IST" name="Verify_button" finished-at="2023-01-13T17:33:20 IST" duration-ms="121" status="PASS">
          <reporter-output>
          </reporter-output>
        </test-method> <!-- Verify_button -->
      </class> <!-- numatic.test1 -->
    </test> <!-- Default test -->
  </suite> <!-- Default suite -->
</testng-results>
